<?xml version="1.0" encoding="UTF-8"?>
<!-- Generated by org.testng.reporters.JUnitXMLReporter -->
<testsuite hostname="Ravi" ignored="0" name="Default test" tests="6" failures="0" timestamp="2020-04-02T20:54:59 AEDT" time="7.759" errors="0">
  <testcase name="postNewEmployees" time="4.343" classname="DataDrivenTesting.AddNewEmployeesExcel"/>
  <testcase name="postNewEmployees" time="0.586" classname="DataDrivenTesting.AddNewEmployeesExcel"/>
  <testcase name="postNewEmployees" time="0.609" classname="DataDrivenTesting.AddNewEmployeesExcel"/>
  <testcase name="postNewEmployees" time="0.611" classname="DataDrivenTesting.AddNewEmployeesExcel"/>
  <testcase name="postNewEmployees" time="0.574" classname="DataDrivenTesting.AddNewEmployeesExcel"/>
  <testcase name="postNewEmployees" time="0.6" classname="DataDrivenTesting.AddNewEmployeesExcel"/>
</testsuite> <!-- Default test -->
