<?xml version="1.0" encoding="UTF-8"?>
<testng-results skipped="0" failed="0" ignored="0" total="6" passed="6">
  <reporter-output>
  </reporter-output>
  <suite name="Default suite" duration-ms="7759" started-at="2020-04-02T20:54:51 AEDT" finished-at="2020-04-02T20:54:59 AEDT">
    <groups>
    </groups>
    <test name="Default test" duration-ms="7759" started-at="2020-04-02T20:54:51 AEDT" finished-at="2020-04-02T20:54:59 AEDT">
      <class name="DataDrivenTesting.AddNewEmployeesExcel">
        <test-method status="PASS" signature="postNewEmployees(java.lang.String, java.lang.String, java.lang.String)[pri:0, instance:DataDrivenTesting.AddNewEmployeesExcel@614ddd49]" name="postNewEmployees" duration-ms="4343" started-at="2020-04-02T20:54:51 AEDT" data-provider="empdataprovider" finished-at="2020-04-02T20:54:56 AEDT">
          <params>
            <param index="0">
              <value>
                <![CDATA[Ravi123]]>
              </value>
            </param>
            <param index="1">
              <value>
                <![CDATA[50000]]>
              </value>
            </param>
            <param index="2">
              <value>
                <![CDATA[30]]>
              </value>
            </param>
          </params>
          <reporter-output>
          </reporter-output>
        </test-method> <!-- postNewEmployees -->
        <test-method status="PASS" signature="postNewEmployees(java.lang.String, java.lang.String, java.lang.String)[pri:0, instance:DataDrivenTesting.AddNewEmployeesExcel@614ddd49]" name="postNewEmployees" duration-ms="586" started-at="2020-04-02T20:54:56 AEDT" data-provider="empdataprovider" finished-at="2020-04-02T20:54:56 AEDT">
          <params>
            <param index="0">
              <value>
                <![CDATA[Ravi2]]>
              </value>
            </param>
            <param index="1">
              <value>
                <![CDATA[50000]]>
              </value>
            </param>
            <param index="2">
              <value>
                <![CDATA[30]]>
              </value>
            </param>
          </params>
          <reporter-output>
          </reporter-output>
        </test-method> <!-- postNewEmployees -->
        <test-method status="PASS" signature="postNewEmployees(java.lang.String, java.lang.String, java.lang.String)[pri:0, instance:DataDrivenTesting.AddNewEmployeesExcel@614ddd49]" name="postNewEmployees" duration-ms="609" started-at="2020-04-02T20:54:56 AEDT" data-provider="empdataprovider" finished-at="2020-04-02T20:54:57 AEDT">
          <params>
            <param index="0">
              <value>
                <![CDATA[Ravi3]]>
              </value>
            </param>
            <param index="1">
              <value>
                <![CDATA[50000]]>
              </value>
            </param>
            <param index="2">
              <value>
                <![CDATA[30]]>
              </value>
            </param>
          </params>
          <reporter-output>
          </reporter-output>
        </test-method> <!-- postNewEmployees -->
        <test-method status="PASS" signature="postNewEmployees(java.lang.String, java.lang.String, java.lang.String)[pri:0, instance:DataDrivenTesting.AddNewEmployeesExcel@614ddd49]" name="postNewEmployees" duration-ms="611" started-at="2020-04-02T20:54:57 AEDT" data-provider="empdataprovider" finished-at="2020-04-02T20:54:58 AEDT">
          <params>
            <param index="0">
              <value>
                <![CDATA[Ravi4]]>
              </value>
            </param>
            <param index="1">
              <value>
                <![CDATA[50000]]>
              </value>
            </param>
            <param index="2">
              <value>
                <![CDATA[30]]>
              </value>
            </param>
          </params>
          <reporter-output>
          </reporter-output>
        </test-method> <!-- postNewEmployees -->
        <test-method status="PASS" signature="postNewEmployees(java.lang.String, java.lang.String, java.lang.String)[pri:0, instance:DataDrivenTesting.AddNewEmployeesExcel@614ddd49]" name="postNewEmployees" duration-ms="574" started-at="2020-04-02T20:54:58 AEDT" data-provider="empdataprovider" finished-at="2020-04-02T20:54:58 AEDT">
          <params>
            <param index="0">
              <value>
                <![CDATA[Ravi127]]>
              </value>
            </param>
            <param index="1">
              <value>
                <![CDATA[50000]]>
              </value>
            </param>
            <param index="2">
              <value>
                <![CDATA[30]]>
              </value>
            </param>
          </params>
          <reporter-output>
          </reporter-output>
        </test-method> <!-- postNewEmployees -->
        <test-method status="PASS" signature="postNewEmployees(java.lang.String, java.lang.String, java.lang.String)[pri:0, instance:DataDrivenTesting.AddNewEmployeesExcel@614ddd49]" name="postNewEmployees" duration-ms="600" started-at="2020-04-02T20:54:58 AEDT" data-provider="empdataprovider" finished-at="2020-04-02T20:54:59 AEDT">
          <params>
            <param index="0">
              <value>
                <![CDATA[Ravi128]]>
              </value>
            </param>
            <param index="1">
              <value>
                <![CDATA[50000]]>
              </value>
            </param>
            <param index="2">
              <value>
                <![CDATA[30]]>
              </value>
            </param>
          </params>
          <reporter-output>
          </reporter-output>
        </test-method> <!-- postNewEmployees -->
      </class> <!-- DataDrivenTesting.AddNewEmployeesExcel -->
    </test> <!-- Default test -->
  </suite> <!-- Default suite -->
</testng-results>
